[90m[main 2021-07-09T15:38:52.035Z][0m window: using vscode-file:// protocol and V8 cache options: bypassHeatCheck
[90m[main 2021-07-09T15:38:52.105Z][0m update#setState idle
2021-07-09 11:38:57.836 Code Helper (Renderer)[4879:6484426] CoreText note: Client requested name ".NewYork-Regular", it will get Times-Roman rather than the intended font. All system UI font access should be through proper APIs such as CTFontCreateUIFontForLanguage() or +[NSFont systemFontOfSize:].
2021-07-09 11:38:57.836 Code Helper (Renderer)[4879:6484426] CoreText note: Set a breakpoint on CTFontLogSystemFontNameRequest to debug.
2021-07-09 11:38:57.842 Code Helper (Renderer)[4879:6484426] CoreText note: Client requested name ".NewYork-Regular", it will get Times-Roman rather than the intended font. All system UI font access should be through proper APIs such as CTFontCreateUIFontForLanguage() or +[NSFont systemFontOfSize:].
[90m[main 2021-07-09T15:39:22.106Z][0m update#setState checking for updates
[90m[main 2021-07-09T15:39:22.744Z][0m update#setState idle
2021-07-09 12:05:16.205 Code Helper (Renderer)[4879:6484426] CoreText note: Client requested name ".NewYork-Regular", it will get Times-Roman rather than the intended font. All system UI font access should be through proper APIs such as CTFontCreateUIFontForLanguage() or +[NSFont systemFontOfSize:].
2021-07-09 12:05:58.840 Code Helper (Renderer)[4879:6484426] CoreText note: Client requested name ".NewYork-Regular", it will get Times-Roman rather than the intended font. All system UI font access should be through proper APIs such as CTFontCreateUIFontForLanguage() or +[NSFont systemFontOfSize:].
2021-07-09 12:06:08.990 Code Helper (Renderer)[4879:6484426] CoreText note: Client requested name ".NewYork-Regular", it will get Times-Roman rather than the intended font. All system UI font access should be through proper APIs such as CTFontCreateUIFontForLanguage() or +[NSFont systemFontOfSize:].
2021-07-09 12:07:22.437 Code Helper (Renderer)[4879:6484426] CoreText note: Client requested name ".NewYork-Regular", it will get Times-Roman rather than the intended font. All system UI font access should be through proper APIs such as CTFontCreateUIFontForLanguage() or +[NSFont systemFontOfSize:].
(node:4885) [DEP0005] DeprecationWarning: Buffer() is deprecated due to security and usability issues. Please use the Buffer.alloc(), Buffer.allocUnsafe(), or Buffer.from() methods instead.
(Use `Code Helper (Renderer) --trace-deprecation ...` to show where the warning was created)
Error occurred in handler for 'GUEST_VIEW_MANAGER_CALL': Error: Invalid guestInstanceId: 5
    at getGuestForWebContents (electron/js2c/browser_init.js:189:6307)
    at electron/js2c/browser_init.js:189:5372
    at electron/js2c/browser_init.js:189:1637
    at electron/js2c/browser_init.js:205:579
    at Object.<anonymous> (electron/js2c/browser_init.js:165:10005)
    at Object.emit (events.js:315:20)
Error occurred in handler for 'GUEST_VIEW_MANAGER_CALL': Error: Invalid guestInstanceId: 5
    at getGuestForWebContents (electron/js2c/browser_init.js:189:6307)
    at electron/js2c/browser_init.js:189:5372
    at electron/js2c/browser_init.js:189:1637
    at electron/js2c/browser_init.js:205:579
    at Object.<anonymous> (electron/js2c/browser_init.js:165:10005)
    at Object.emit (events.js:315:20)
Error occurred in handler for 'GUEST_VIEW_MANAGER_CALL': Error: Invalid guestInstanceId: 5
    at getGuestForWebContents (electron/js2c/browser_init.js:189:6307)
    at electron/js2c/browser_init.js:189:5372
    at electron/js2c/browser_init.js:189:1637
    at electron/js2c/browser_init.js:205:579
    at Object.<anonymous> (electron/js2c/browser_init.js:165:10005)
    at Object.emit (events.js:315:20)
Error occurred in handler for 'GUEST_VIEW_MANAGER_CALL': Error: Invalid guestInstanceId: 5
    at getGuestForWebContents (electron/js2c/browser_init.js:189:6307)
    at electron/js2c/browser_init.js:189:5372
    at electron/js2c/browser_init.js:189:1637
    at electron/js2c/browser_init.js:205:579
    at Object.<anonymous> (electron/js2c/browser_init.js:165:10005)
    at Object.emit (events.js:315:20)
Error occurred in handler for 'GUEST_VIEW_MANAGER_CALL': Error: Invalid guestInstanceId: 5
    at getGuestForWebContents (electron/js2c/browser_init.js:189:6307)
    at electron/js2c/browser_init.js:189:5372
    at electron/js2c/browser_init.js:189:1637
    at electron/js2c/browser_init.js:205:579
    at Object.<anonymous> (electron/js2c/browser_init.js:165:10005)
    at Object.emit (events.js:315:20)
[90m[main 2021-07-09T16:10:45.570Z][0m window: using vscode-file:// protocol and V8 cache options: bypassHeatCheck
2021-07-09 12:11:00.853 Code Helper (Renderer)[7248:6509239] CoreText note: Client requested name ".NewYork-Regular", it will get Times-Roman rather than the intended font. All system UI font access should be through proper APIs such as CTFontCreateUIFontForLanguage() or +[NSFont systemFontOfSize:].
2021-07-09 12:11:00.853 Code Helper (Renderer)[7248:6509239] CoreText note: Set a breakpoint on CTFontLogSystemFontNameRequest to debug.
2021-07-09 12:11:00.859 Code Helper (Renderer)[7248:6509239] CoreText note: Client requested name ".NewYork-Regular", it will get Times-Roman rather than the intended font. All system UI font access should be through proper APIs such as CTFontCreateUIFontForLanguage() or +[NSFont systemFontOfSize:].
2021-07-09 12:12:10.589 Code Helper (Renderer)[7248:6509239] CoreText note: Client requested name ".NewYork-Regular", it will get Times-Roman rather than the intended font. All system UI font access should be through proper APIs such as CTFontCreateUIFontForLanguage() or +[NSFont systemFontOfSize:].
[4875:0709/121305.719157:ERROR:gles2_cmd_decoder.cc(19254)] [.DisplayCompositor]GL ERROR :GL_INVALID_OPERATION : DoCreateAndTexStorage2DSharedImageINTERNAL: invalid mailbox name
[4875:0709/121305.720616:ERROR:gles2_cmd_decoder.cc(19275)] [.DisplayCompositor]GL ERROR :GL_INVALID_OPERATION : DoBeginSharedImageAccessCHROMIUM: bound texture is not a shared image
[4875:0709/121305.720669:ERROR:gles2_cmd_decoder.cc(13959)] [.DisplayCompositor]GL ERROR :GL_INVALID_VALUE : glScheduleCALayerCHROMIUM: unsupported texture format
[4875:0709/121305.720698:ERROR:gles2_cmd_decoder.cc(19254)] [.DisplayCompositor]GL ERROR :GL_INVALID_OPERATION : DoCreateAndTexStorage2DSharedImageINTERNAL: invalid mailbox name
[4875:0709/121305.720742:ERROR:gles2_cmd_decoder.cc(19275)] [.DisplayCompositor]GL ERROR :GL_INVALID_OPERATION : DoBeginSharedImageAccessCHROMIUM: bound texture is not a shared image
[4875:0709/121305.720766:ERROR:gles2_cmd_decoder.cc(13959)] [.DisplayCompositor]GL ERROR :GL_INVALID_VALUE : glScheduleCALayerCHROMIUM: unsupported texture format
[4875:0709/121305.720792:ERROR:gles2_cmd_decoder.cc(19254)] [.DisplayCompositor]GL ERROR :GL_INVALID_OPERATION : DoCreateAndTexStorage2DSharedImageINTERNAL: invalid mailbox name
[4875:0709/121305.720815:ERROR:gles2_cmd_decoder.cc(19275)] [.DisplayCompositor]GL ERROR :GL_INVALID_OPERATION : DoBeginSharedImageAccessCHROMIUM: bound texture is not a shared image
[4875:0709/121305.720839:ERROR:gles2_cmd_decoder.cc(13959)] [.DisplayCompositor]GL ERROR :GL_INVALID_VALUE : glScheduleCALayerCHROMIUM: unsupported texture format
[4875:0709/121305.785351:ERROR:gles2_cmd_decoder.cc(19304)] [.DisplayCompositor]GL ERROR :GL_INVALID_OPERATION : DoEndSharedImageAccessCHROMIUM: bound texture is not a shared image
[4875:0709/121305.785410:ERROR:gles2_cmd_decoder.cc(19304)] [.DisplayCompositor]GL ERROR :GL_INVALID_OPERATION : DoEndSharedImageAccessCHROMIUM: bound texture is not a shared image
[4875:0709/121305.785433:ERROR:gles2_cmd_decoder.cc(19304)] [.DisplayCompositor]GL ERROR :GL_INVALID_OPERATION : DoEndSharedImageAccessCHROMIUM: bound texture is not a shared image
[90m[main 2021-07-09T16:14:34.268Z][0m window: using vscode-file:// protocol and V8 cache options: bypassHeatCheck
2021-07-09 12:14:42.578 Code Helper (Renderer)[7561:6513582] CoreText note: Client requested name ".NewYork-Regular", it will get Times-Roman rather than the intended font. All system UI font access should be through proper APIs such as CTFontCreateUIFontForLanguage() or +[NSFont systemFontOfSize:].
2021-07-09 12:14:42.578 Code Helper (Renderer)[7561:6513582] CoreText note: Set a breakpoint on CTFontLogSystemFontNameRequest to debug.
2021-07-09 12:14:42.584 Code Helper (Renderer)[7561:6513582] CoreText note: Client requested name ".NewYork-Regular", it will get Times-Roman rather than the intended font. All system UI font access should be through proper APIs such as CTFontCreateUIFontForLanguage() or +[NSFont systemFontOfSize:].
[90m[main 2021-07-09T16:39:22.141Z][0m update#setState checking for updates
[90m[main 2021-07-09T16:39:22.734Z][0m update#setState idle
[90m[main 2021-07-09T16:46:07.293Z][0m window: using vscode-file:// protocol and V8 cache options: bypassHeatCheck
[90m[main 2021-07-09T16:46:07.395Z][0m update#setState idle
2021-07-09 12:46:13.193 Code Helper (Renderer)[9869:6542291] CoreText note: Client requested name ".NewYork-Regular", it will get Times-Roman rather than the intended font. All system UI font access should be through proper APIs such as CTFontCreateUIFontForLanguage() or +[NSFont systemFontOfSize:].
2021-07-09 12:46:13.193 Code Helper (Renderer)[9869:6542291] CoreText note: Set a breakpoint on CTFontLogSystemFontNameRequest to debug.
2021-07-09 12:46:13.197 Code Helper (Renderer)[9869:6542291] CoreText note: Client requested name ".NewYork-Regular", it will get Times-Roman rather than the intended font. All system UI font access should be through proper APIs such as CTFontCreateUIFontForLanguage() or +[NSFont systemFontOfSize:].
[90m[main 2021-07-09T16:46:37.400Z][0m update#setState checking for updates
[90m[main 2021-07-09T16:46:38.018Z][0m update#setState idle
